10:30:47 Logger1 INFO:*** EVALUATION ON TEST DATA  ***
10:30:47 Logger1 INFO:AUC: nan
10:30:47 Logger1 INFO:Matthews Correlation Coefficient computed after applying the tuned/selected threshold : 0.0
10:30:47 Logger1 INFO:Accuracy on test set: 100.00%
10:30:47 Logger1 INFO:Classification report for TEST DATA:
10:30:47 Logger1 INFO:              precision    recall  f1-score   support

           0       1.00      1.00      1.00        17

    accuracy                           1.00        17
   macro avg       1.00      1.00      1.00        17
weighted avg       1.00      1.00      1.00        17

10:30:47 Logger1 INFO:        pred:0
true:0      17
10:30:47 Logger1 INFO: "Accuracy": 1.0, "Precision": 0.0, "Recall": 0.0, "F1": 0.0, "MCC": 0.0
10:32:04 Logger1 INFO:*** EVALUATION ON TEST DATA  ***
10:32:04 Logger1 INFO:AUC: nan
10:32:04 Logger1 INFO:Matthews Correlation Coefficient computed after applying the tuned/selected threshold : 0.0
10:32:04 Logger1 INFO:Accuracy on test set: 100.00%
10:32:04 Logger1 INFO:Classification report for TEST DATA:
10:32:04 Logger1 INFO:              precision    recall  f1-score   support

           0       1.00      1.00      1.00        17

    accuracy                           1.00        17
   macro avg       1.00      1.00      1.00        17
weighted avg       1.00      1.00      1.00        17

10:32:04 Logger1 INFO:        pred:0
true:0      17
10:32:05 Logger1 INFO: "Accuracy": 1.0, "Precision": 0.0, "Recall": 0.0, "F1": 0.0, "MCC": 0.0
11:54:56 Logger1 INFO:*** EVALUATION ON TEST DATA  ***
11:54:56 Logger1 INFO:AUC: nan
11:54:56 Logger1 INFO:Matthews Correlation Coefficient computed after applying the tuned/selected threshold : 0.0
11:54:56 Logger1 INFO:Accuracy on test set: 100.00%
11:54:56 Logger1 INFO:Classification report for TEST DATA:
11:54:56 Logger1 INFO:              precision    recall  f1-score   support

           0       1.00      1.00      1.00        17

    accuracy                           1.00        17
   macro avg       1.00      1.00      1.00        17
weighted avg       1.00      1.00      1.00        17

11:54:56 Logger1 INFO:        pred:0
true:0      17
11:54:56 Logger1 INFO: "Accuracy": 1.0, "Precision": 0.0, "Recall": 0.0, "F1": 0.0, "MCC": 0.0
11:55:55 Logger1 INFO:*** EVALUATION ON TEST DATA  ***
11:55:55 Logger1 INFO:AUC: nan
11:55:55 Logger1 INFO:Matthews Correlation Coefficient computed after applying the tuned/selected threshold : 0.0
11:55:55 Logger1 INFO:Accuracy on test set: 100.00%
11:55:55 Logger1 INFO:Classification report for TEST DATA:
11:55:55 Logger1 INFO:              precision    recall  f1-score   support

           0       1.00      1.00      1.00        17

    accuracy                           1.00        17
   macro avg       1.00      1.00      1.00        17
weighted avg       1.00      1.00      1.00        17

11:55:55 Logger1 INFO:        pred:0
true:0      17
11:55:55 Logger1 INFO: "Accuracy": 1.0, "Precision": 0.0, "Recall": 0.0, "F1": 0.0, "MCC": 0.0
11:55:58 Logger1 INFO:*** EVALUATION ON TEST DATA  ***
11:55:58 Logger1 INFO:AUC: nan
11:55:58 Logger1 INFO:Matthews Correlation Coefficient computed after applying the tuned/selected threshold : 0.0
11:55:58 Logger1 INFO:Accuracy on test set: 100.00%
11:55:59 Logger1 INFO:Classification report for TEST DATA:
11:55:59 Logger1 INFO:              precision    recall  f1-score   support

           0       1.00      1.00      1.00        17

    accuracy                           1.00        17
   macro avg       1.00      1.00      1.00        17
weighted avg       1.00      1.00      1.00        17

11:55:59 Logger1 INFO:        pred:0
true:0      17
11:55:59 Logger1 INFO: "Accuracy": 1.0, "Precision": 0.0, "Recall": 0.0, "F1": 0.0, "MCC": 0.0
11:56:18 Logger1 INFO:*** EVALUATION ON TEST DATA  ***
11:56:18 Logger1 INFO:AUC: nan
11:56:18 Logger1 INFO:Matthews Correlation Coefficient computed after applying the tuned/selected threshold : 0.0
11:56:18 Logger1 INFO:Accuracy on test set: 100.00%
11:56:18 Logger1 INFO:Classification report for TEST DATA:
11:56:18 Logger1 INFO:              precision    recall  f1-score   support

           0       1.00      1.00      1.00        17

    accuracy                           1.00        17
   macro avg       1.00      1.00      1.00        17
weighted avg       1.00      1.00      1.00        17

11:56:18 Logger1 INFO:        pred:0
true:0      17
11:56:18 Logger1 INFO: "Accuracy": 1.0, "Precision": 0.0, "Recall": 0.0, "F1": 0.0, "MCC": 0.0
11:56:28 Logger1 INFO:*** EVALUATION ON TEST DATA  ***
11:56:28 Logger1 INFO:AUC: nan
11:56:28 Logger1 INFO:Matthews Correlation Coefficient computed after applying the tuned/selected threshold : 0.0
11:56:28 Logger1 INFO:Accuracy on test set: 100.00%
11:56:28 Logger1 INFO:Classification report for TEST DATA:
11:56:28 Logger1 INFO:              precision    recall  f1-score   support

           0       1.00      1.00      1.00        17

    accuracy                           1.00        17
   macro avg       1.00      1.00      1.00        17
weighted avg       1.00      1.00      1.00        17

11:56:28 Logger1 INFO:        pred:0
true:0      17
11:56:28 Logger1 INFO: "Accuracy": 1.0, "Precision": 0.0, "Recall": 0.0, "F1": 0.0, "MCC": 0.0
11:57:07 Logger1 INFO:*** EVALUATION ON TEST DATA  ***
11:57:07 Logger1 INFO:AUC: nan
11:57:07 Logger1 INFO:Matthews Correlation Coefficient computed after applying the tuned/selected threshold : 0.0
11:57:07 Logger1 INFO:Accuracy on test set: 100.00%
11:57:07 Logger1 INFO:Classification report for TEST DATA:
11:57:07 Logger1 INFO:              precision    recall  f1-score   support

           0       1.00      1.00      1.00        17

    accuracy                           1.00        17
   macro avg       1.00      1.00      1.00        17
weighted avg       1.00      1.00      1.00        17

11:57:07 Logger1 INFO:        pred:0
true:0      17
11:57:07 Logger1 INFO: "Accuracy": 1.0, "Precision": 0.0, "Recall": 0.0, "F1": 0.0, "MCC": 0.0
11:57:36 Logger1 INFO:*** EVALUATION ON TEST DATA  ***
11:57:36 Logger1 INFO:AUC: nan
11:57:36 Logger1 INFO:Matthews Correlation Coefficient computed after applying the tuned/selected threshold : 0.0
11:57:36 Logger1 INFO:Accuracy on test set: 100.00%
11:57:37 Logger1 INFO:Classification report for TEST DATA:
11:57:37 Logger1 INFO:              precision    recall  f1-score   support

           0       1.00      1.00      1.00        17

    accuracy                           1.00        17
   macro avg       1.00      1.00      1.00        17
weighted avg       1.00      1.00      1.00        17

11:57:37 Logger1 INFO:        pred:0
true:0      17
11:57:37 Logger1 INFO: "Accuracy": 1.0, "Precision": 0.0, "Recall": 0.0, "F1": 0.0, "MCC": 0.0
11:57:37 Logger1 INFO:*** EVALUATION ON TEST DATA  ***
11:57:37 Logger1 INFO:AUC: nan
11:57:37 Logger1 INFO:Matthews Correlation Coefficient computed after applying the tuned/selected threshold : 0.0
11:57:37 Logger1 INFO:Accuracy on test set: 99.11%
11:57:37 Logger1 INFO:Classification report for TEST DATA:
11:57:37 Logger1 INFO:              precision    recall  f1-score   support

           0       1.00      0.99      1.00       112
           1       0.00      0.00      0.00         0

    accuracy                           0.99       112
   macro avg       0.50      0.50      0.50       112
weighted avg       1.00      0.99      1.00       112

11:57:37 Logger1 INFO:        pred:0  pred:1
true:0     111       1
true:1       0       0
11:57:37 Logger1 INFO: "Accuracy": 0.9910714285714286, "Precision": 0.0, "Recall": 0.0, "F1": 0.0, "MCC": 0.0
11:57:37 Logger1 INFO:*** EVALUATION ON TEST DATA  ***
11:57:37 Logger1 INFO:AUC: nan
11:57:37 Logger1 INFO:Matthews Correlation Coefficient computed after applying the tuned/selected threshold : 0.0
11:57:37 Logger1 INFO:Accuracy on test set: 98.15%
11:57:37 Logger1 INFO:Classification report for TEST DATA:
11:57:37 Logger1 INFO:              precision    recall  f1-score   support

           0       1.00      0.98      0.99        54
           1       0.00      0.00      0.00         0

    accuracy                           0.98        54
   macro avg       0.50      0.49      0.50        54
weighted avg       1.00      0.98      0.99        54

11:57:37 Logger1 INFO:        pred:0  pred:1
true:0      53       1
true:1       0       0
11:57:37 Logger1 INFO: "Accuracy": 0.9814814814814815, "Precision": 0.0, "Recall": 0.0, "F1": 0.0, "MCC": 0.0
11:57:37 Logger1 INFO:*** EVALUATION ON TEST DATA  ***
11:57:37 Logger1 INFO:AUC: nan
11:57:37 Logger1 INFO:Matthews Correlation Coefficient computed after applying the tuned/selected threshold : 0.0
11:57:37 Logger1 INFO:Accuracy on test set: 100.00%
11:57:38 Logger1 INFO:Classification report for TEST DATA:
11:57:38 Logger1 INFO:              precision    recall  f1-score   support

           0       1.00      1.00      1.00        18

    accuracy                           1.00        18
   macro avg       1.00      1.00      1.00        18
weighted avg       1.00      1.00      1.00        18

11:57:38 Logger1 INFO:        pred:0
true:0      18
11:57:38 Logger1 INFO: "Accuracy": 1.0, "Precision": 0.0, "Recall": 0.0, "F1": 0.0, "MCC": 0.0
11:57:38 Logger1 INFO:*** EVALUATION ON TEST DATA  ***
11:57:38 Logger1 INFO:AUC: nan
11:57:38 Logger1 INFO:Matthews Correlation Coefficient computed after applying the tuned/selected threshold : 0.0
11:57:38 Logger1 INFO:Accuracy on test set: 92.31%
11:57:38 Logger1 INFO:Classification report for TEST DATA:
11:57:38 Logger1 INFO:              precision    recall  f1-score   support

           0       1.00      0.92      0.96        39
           1       0.00      0.00      0.00         0

    accuracy                           0.92        39
   macro avg       0.50      0.46      0.48        39
weighted avg       1.00      0.92      0.96        39

11:57:38 Logger1 INFO:        pred:0  pred:1
true:0      36       3
true:1       0       0
11:57:38 Logger1 INFO: "Accuracy": 0.9230769230769231, "Precision": 0.0, "Recall": 0.0, "F1": 0.0, "MCC": 0.0
11:57:38 Logger1 INFO:*** EVALUATION ON TEST DATA  ***
11:57:38 Logger1 INFO:AUC: nan
11:57:38 Logger1 INFO:Matthews Correlation Coefficient computed after applying the tuned/selected threshold : 0.0
11:57:38 Logger1 INFO:Accuracy on test set: 91.67%
11:57:38 Logger1 INFO:Classification report for TEST DATA:
11:57:38 Logger1 INFO:              precision    recall  f1-score   support

           0       0.00      0.00      0.00         0
           1       1.00      0.92      0.96        24

    accuracy                           0.92        24
   macro avg       0.50      0.46      0.48        24
weighted avg       1.00      0.92      0.96        24

11:57:38 Logger1 INFO:        pred:0  pred:1
true:0       0       0
true:1       2      22
11:57:38 Logger1 INFO: "Accuracy": 0.9166666666666666, "Precision": 1.0, "Recall": 0.9166666666666666, "F1": 0.9565217391304348, "MCC": 0.0
11:57:38 Logger1 INFO:*** EVALUATION ON TEST DATA  ***
11:57:38 Logger1 INFO:AUC: nan
11:57:38 Logger1 INFO:Matthews Correlation Coefficient computed after applying the tuned/selected threshold : 0.0
11:57:38 Logger1 INFO:Accuracy on test set: 100.00%
11:57:39 Logger1 INFO:Classification report for TEST DATA:
11:57:39 Logger1 INFO:              precision    recall  f1-score   support

           0       1.00      1.00      1.00         9

    accuracy                           1.00         9
   macro avg       1.00      1.00      1.00         9
weighted avg       1.00      1.00      1.00         9

11:57:39 Logger1 INFO:        pred:0
true:0       9
11:57:39 Logger1 INFO: "Accuracy": 1.0, "Precision": 0.0, "Recall": 0.0, "F1": 0.0, "MCC": 0.0
11:57:39 Logger1 INFO:*** EVALUATION ON TEST DATA  ***
11:57:39 Logger1 INFO:AUC: nan
11:57:39 Logger1 INFO:Matthews Correlation Coefficient computed after applying the tuned/selected threshold : 0.0
11:57:39 Logger1 INFO:Accuracy on test set: 100.00%
11:57:39 Logger1 INFO:Classification report for TEST DATA:
11:57:39 Logger1 INFO:              precision    recall  f1-score   support

           0       1.00      1.00      1.00        35

    accuracy                           1.00        35
   macro avg       1.00      1.00      1.00        35
weighted avg       1.00      1.00      1.00        35

11:57:39 Logger1 INFO:        pred:0
true:0      35
11:57:39 Logger1 INFO: "Accuracy": 1.0, "Precision": 0.0, "Recall": 0.0, "F1": 0.0, "MCC": 0.0
11:57:39 Logger1 INFO:*** EVALUATION ON TEST DATA  ***
11:57:39 Logger1 INFO:AUC: nan
11:57:39 Logger1 INFO:Matthews Correlation Coefficient computed after applying the tuned/selected threshold : 0.0
11:57:39 Logger1 INFO:Accuracy on test set: 100.00%
11:57:39 Logger1 INFO:Classification report for TEST DATA:
11:57:39 Logger1 INFO:              precision    recall  f1-score   support

           1       1.00      1.00      1.00        15

    accuracy                           1.00        15
   macro avg       1.00      1.00      1.00        15
weighted avg       1.00      1.00      1.00        15

11:57:39 Logger1 INFO:        pred:1
true:1      15
11:57:39 Logger1 INFO: "Accuracy": 1.0, "Precision": 1.0, "Recall": 1.0, "F1": 1.0, "MCC": 0.0
11:57:39 Logger1 INFO:*** EVALUATION ON TEST DATA  ***
11:57:39 Logger1 INFO:AUC: nan
11:57:39 Logger1 INFO:Matthews Correlation Coefficient computed after applying the tuned/selected threshold : 0.0
11:57:39 Logger1 INFO:Accuracy on test set: 100.00%
11:57:40 Logger1 INFO:Classification report for TEST DATA:
11:57:40 Logger1 INFO:              precision    recall  f1-score   support

           0       1.00      1.00      1.00        38

    accuracy                           1.00        38
   macro avg       1.00      1.00      1.00        38
weighted avg       1.00      1.00      1.00        38

11:57:40 Logger1 INFO:        pred:0
true:0      38
11:57:40 Logger1 INFO: "Accuracy": 1.0, "Precision": 0.0, "Recall": 0.0, "F1": 0.0, "MCC": 0.0
11:57:40 Logger1 INFO:*** EVALUATION ON TEST DATA  ***
11:57:40 Logger1 INFO:AUC: nan
11:57:40 Logger1 INFO:Matthews Correlation Coefficient computed after applying the tuned/selected threshold : 0.0
11:57:40 Logger1 INFO:Accuracy on test set: 100.00%
11:57:40 Logger1 INFO:Classification report for TEST DATA:
11:57:40 Logger1 INFO:              precision    recall  f1-score   support

           1       1.00      1.00      1.00       170

    accuracy                           1.00       170
   macro avg       1.00      1.00      1.00       170
weighted avg       1.00      1.00      1.00       170

11:57:40 Logger1 INFO:        pred:1
true:1     170
11:57:40 Logger1 INFO: "Accuracy": 1.0, "Precision": 1.0, "Recall": 1.0, "F1": 1.0, "MCC": 0.0
11:59:30 Logger1 INFO:*** EVALUATION ON TEST DATA  ***
11:59:30 Logger1 INFO:AUC: nan
11:59:30 Logger1 INFO:Matthews Correlation Coefficient computed after applying the tuned/selected threshold : 0.0
11:59:30 Logger1 INFO:Accuracy on test set: 100.00%
11:59:31 Logger1 INFO:Classification report for TEST DATA:
11:59:31 Logger1 INFO:              precision    recall  f1-score   support

           0       1.00      1.00      1.00        17

    accuracy                           1.00        17
   macro avg       1.00      1.00      1.00        17
weighted avg       1.00      1.00      1.00        17

11:59:31 Logger1 INFO:        pred:0
true:0      17
11:59:31 Logger1 INFO: "Accuracy": 1.0, "Precision": 0.0, "Recall": 0.0, "F1": 0.0, "MCC": 0.0
11:59:31 Logger1 INFO:*** EVALUATION ON TEST DATA  ***
11:59:31 Logger1 INFO:AUC: nan
11:59:31 Logger1 INFO:Matthews Correlation Coefficient computed after applying the tuned/selected threshold : 0.0
11:59:31 Logger1 INFO:Accuracy on test set: 99.11%
11:59:31 Logger1 INFO:Classification report for TEST DATA:
11:59:31 Logger1 INFO:              precision    recall  f1-score   support

           0       1.00      0.99      1.00       112
           1       0.00      0.00      0.00         0

    accuracy                           0.99       112
   macro avg       0.50      0.50      0.50       112
weighted avg       1.00      0.99      1.00       112

11:59:31 Logger1 INFO:        pred:0  pred:1
true:0     111       1
true:1       0       0
11:59:31 Logger1 INFO: "Accuracy": 0.9910714285714286, "Precision": 0.0, "Recall": 0.0, "F1": 0.0, "MCC": 0.0
11:59:31 Logger1 INFO:*** EVALUATION ON TEST DATA  ***
11:59:31 Logger1 INFO:AUC: nan
11:59:31 Logger1 INFO:Matthews Correlation Coefficient computed after applying the tuned/selected threshold : 0.0
11:59:31 Logger1 INFO:Accuracy on test set: 98.15%
11:59:31 Logger1 INFO:Classification report for TEST DATA:
11:59:31 Logger1 INFO:              precision    recall  f1-score   support

           0       1.00      0.98      0.99        54
           1       0.00      0.00      0.00         0

    accuracy                           0.98        54
   macro avg       0.50      0.49      0.50        54
weighted avg       1.00      0.98      0.99        54

11:59:31 Logger1 INFO:        pred:0  pred:1
true:0      53       1
true:1       0       0
11:59:31 Logger1 INFO: "Accuracy": 0.9814814814814815, "Precision": 0.0, "Recall": 0.0, "F1": 0.0, "MCC": 0.0
11:59:31 Logger1 INFO:*** EVALUATION ON TEST DATA  ***
11:59:31 Logger1 INFO:AUC: nan
11:59:31 Logger1 INFO:Matthews Correlation Coefficient computed after applying the tuned/selected threshold : 0.0
11:59:31 Logger1 INFO:Accuracy on test set: 100.00%
11:59:32 Logger1 INFO:Classification report for TEST DATA:
11:59:32 Logger1 INFO:              precision    recall  f1-score   support

           0       1.00      1.00      1.00        18

    accuracy                           1.00        18
   macro avg       1.00      1.00      1.00        18
weighted avg       1.00      1.00      1.00        18

11:59:32 Logger1 INFO:        pred:0
true:0      18
11:59:32 Logger1 INFO: "Accuracy": 1.0, "Precision": 0.0, "Recall": 0.0, "F1": 0.0, "MCC": 0.0
11:59:32 Logger1 INFO:*** EVALUATION ON TEST DATA  ***
11:59:32 Logger1 INFO:AUC: nan
11:59:32 Logger1 INFO:Matthews Correlation Coefficient computed after applying the tuned/selected threshold : 0.0
11:59:32 Logger1 INFO:Accuracy on test set: 92.31%
11:59:32 Logger1 INFO:Classification report for TEST DATA:
11:59:32 Logger1 INFO:              precision    recall  f1-score   support

           0       1.00      0.92      0.96        39
           1       0.00      0.00      0.00         0

    accuracy                           0.92        39
   macro avg       0.50      0.46      0.48        39
weighted avg       1.00      0.92      0.96        39

11:59:32 Logger1 INFO:        pred:0  pred:1
true:0      36       3
true:1       0       0
11:59:32 Logger1 INFO: "Accuracy": 0.9230769230769231, "Precision": 0.0, "Recall": 0.0, "F1": 0.0, "MCC": 0.0
11:59:32 Logger1 INFO:*** EVALUATION ON TEST DATA  ***
11:59:32 Logger1 INFO:AUC: nan
11:59:32 Logger1 INFO:Matthews Correlation Coefficient computed after applying the tuned/selected threshold : 0.0
11:59:32 Logger1 INFO:Accuracy on test set: 91.67%
11:59:32 Logger1 INFO:Classification report for TEST DATA:
11:59:32 Logger1 INFO:              precision    recall  f1-score   support

           0       0.00      0.00      0.00         0
           1       1.00      0.92      0.96        24

    accuracy                           0.92        24
   macro avg       0.50      0.46      0.48        24
weighted avg       1.00      0.92      0.96        24

11:59:32 Logger1 INFO:        pred:0  pred:1
true:0       0       0
true:1       2      22
11:59:32 Logger1 INFO: "Accuracy": 0.9166666666666666, "Precision": 1.0, "Recall": 0.9166666666666666, "F1": 0.9565217391304348, "MCC": 0.0
11:59:32 Logger1 INFO:*** EVALUATION ON TEST DATA  ***
11:59:32 Logger1 INFO:AUC: nan
11:59:32 Logger1 INFO:Matthews Correlation Coefficient computed after applying the tuned/selected threshold : 0.0
11:59:32 Logger1 INFO:Accuracy on test set: 100.00%
11:59:33 Logger1 INFO:Classification report for TEST DATA:
11:59:33 Logger1 INFO:              precision    recall  f1-score   support

           0       1.00      1.00      1.00         9

    accuracy                           1.00         9
   macro avg       1.00      1.00      1.00         9
weighted avg       1.00      1.00      1.00         9

11:59:33 Logger1 INFO:        pred:0
true:0       9
11:59:33 Logger1 INFO: "Accuracy": 1.0, "Precision": 0.0, "Recall": 0.0, "F1": 0.0, "MCC": 0.0
11:59:33 Logger1 INFO:*** EVALUATION ON TEST DATA  ***
11:59:33 Logger1 INFO:AUC: nan
11:59:33 Logger1 INFO:Matthews Correlation Coefficient computed after applying the tuned/selected threshold : 0.0
11:59:33 Logger1 INFO:Accuracy on test set: 100.00%
11:59:33 Logger1 INFO:Classification report for TEST DATA:
11:59:33 Logger1 INFO:              precision    recall  f1-score   support

           0       1.00      1.00      1.00        35

    accuracy                           1.00        35
   macro avg       1.00      1.00      1.00        35
weighted avg       1.00      1.00      1.00        35

11:59:33 Logger1 INFO:        pred:0
true:0      35
11:59:33 Logger1 INFO: "Accuracy": 1.0, "Precision": 0.0, "Recall": 0.0, "F1": 0.0, "MCC": 0.0
11:59:33 Logger1 INFO:*** EVALUATION ON TEST DATA  ***
11:59:33 Logger1 INFO:AUC: nan
11:59:33 Logger1 INFO:Matthews Correlation Coefficient computed after applying the tuned/selected threshold : 0.0
11:59:33 Logger1 INFO:Accuracy on test set: 100.00%
11:59:33 Logger1 INFO:Classification report for TEST DATA:
11:59:33 Logger1 INFO:              precision    recall  f1-score   support

           1       1.00      1.00      1.00        15

    accuracy                           1.00        15
   macro avg       1.00      1.00      1.00        15
weighted avg       1.00      1.00      1.00        15

11:59:33 Logger1 INFO:        pred:1
true:1      15
11:59:33 Logger1 INFO: "Accuracy": 1.0, "Precision": 1.0, "Recall": 1.0, "F1": 1.0, "MCC": 0.0
11:59:33 Logger1 INFO:*** EVALUATION ON TEST DATA  ***
11:59:33 Logger1 INFO:AUC: nan
11:59:33 Logger1 INFO:Matthews Correlation Coefficient computed after applying the tuned/selected threshold : 0.0
11:59:33 Logger1 INFO:Accuracy on test set: 100.00%
11:59:34 Logger1 INFO:Classification report for TEST DATA:
11:59:34 Logger1 INFO:              precision    recall  f1-score   support

           0       1.00      1.00      1.00        38

    accuracy                           1.00        38
   macro avg       1.00      1.00      1.00        38
weighted avg       1.00      1.00      1.00        38

11:59:34 Logger1 INFO:        pred:0
true:0      38
11:59:34 Logger1 INFO: "Accuracy": 1.0, "Precision": 0.0, "Recall": 0.0, "F1": 0.0, "MCC": 0.0
11:59:34 Logger1 INFO:*** EVALUATION ON TEST DATA  ***
11:59:34 Logger1 INFO:AUC: nan
11:59:34 Logger1 INFO:Matthews Correlation Coefficient computed after applying the tuned/selected threshold : 0.0
11:59:34 Logger1 INFO:Accuracy on test set: 100.00%
11:59:34 Logger1 INFO:Classification report for TEST DATA:
11:59:34 Logger1 INFO:              precision    recall  f1-score   support

           1       1.00      1.00      1.00       170

    accuracy                           1.00       170
   macro avg       1.00      1.00      1.00       170
weighted avg       1.00      1.00      1.00       170

11:59:34 Logger1 INFO:        pred:1
true:1     170
11:59:34 Logger1 INFO: "Accuracy": 1.0, "Precision": 1.0, "Recall": 1.0, "F1": 1.0, "MCC": 0.0
11:59:43 Logger1 INFO:----- ANALYSIS FOR THE GROUP: Arabidopsis_thaliana -----
11:59:43 Logger1 INFO:*** EVALUATION ON TEST DATA  ***
11:59:43 Logger1 INFO:AUC: nan
11:59:43 Logger1 INFO:Matthews Correlation Coefficient computed after applying the tuned/selected threshold : 0.0
11:59:43 Logger1 INFO:Accuracy on test set: 100.00%
11:59:43 Logger1 INFO:Classification report for TEST DATA:
11:59:43 Logger1 INFO:              precision    recall  f1-score   support

           0       1.00      1.00      1.00        17

    accuracy                           1.00        17
   macro avg       1.00      1.00      1.00        17
weighted avg       1.00      1.00      1.00        17

11:59:43 Logger1 INFO:        pred:0
true:0      17
11:59:43 Logger1 INFO: "Accuracy": 1.0, "Precision": 0.0, "Recall": 0.0, "F1": 0.0, "MCC": 0.0
11:59:43 Logger1 INFO:----- ANALYSIS FOR THE GROUP: Caenorhabditis_elegans -----
11:59:43 Logger1 INFO:*** EVALUATION ON TEST DATA  ***
11:59:43 Logger1 INFO:AUC: nan
11:59:43 Logger1 INFO:Matthews Correlation Coefficient computed after applying the tuned/selected threshold : 0.0
11:59:43 Logger1 INFO:Accuracy on test set: 99.11%
11:59:44 Logger1 INFO:Classification report for TEST DATA:
11:59:44 Logger1 INFO:              precision    recall  f1-score   support

           0       1.00      0.99      1.00       112
           1       0.00      0.00      0.00         0

    accuracy                           0.99       112
   macro avg       0.50      0.50      0.50       112
weighted avg       1.00      0.99      1.00       112

11:59:44 Logger1 INFO:        pred:0  pred:1
true:0     111       1
true:1       0       0
11:59:44 Logger1 INFO: "Accuracy": 0.9910714285714286, "Precision": 0.0, "Recall": 0.0, "F1": 0.0, "MCC": 0.0
11:59:44 Logger1 INFO:----- ANALYSIS FOR THE GROUP: Danio_rerio -----
11:59:44 Logger1 INFO:*** EVALUATION ON TEST DATA  ***
11:59:44 Logger1 INFO:AUC: nan
11:59:44 Logger1 INFO:Matthews Correlation Coefficient computed after applying the tuned/selected threshold : 0.0
11:59:44 Logger1 INFO:Accuracy on test set: 98.15%
11:59:44 Logger1 INFO:Classification report for TEST DATA:
11:59:44 Logger1 INFO:              precision    recall  f1-score   support

           0       1.00      0.98      0.99        54
           1       0.00      0.00      0.00         0

    accuracy                           0.98        54
   macro avg       0.50      0.49      0.50        54
weighted avg       1.00      0.98      0.99        54

11:59:44 Logger1 INFO:        pred:0  pred:1
true:0      53       1
true:1       0       0
11:59:44 Logger1 INFO: "Accuracy": 0.9814814814814815, "Precision": 0.0, "Recall": 0.0, "F1": 0.0, "MCC": 0.0
11:59:44 Logger1 INFO:----- ANALYSIS FOR THE GROUP: Drosophila_melanogaster -----
11:59:44 Logger1 INFO:*** EVALUATION ON TEST DATA  ***
11:59:44 Logger1 INFO:AUC: nan
11:59:44 Logger1 INFO:Matthews Correlation Coefficient computed after applying the tuned/selected threshold : 0.0
11:59:44 Logger1 INFO:Accuracy on test set: 100.00%
11:59:44 Logger1 INFO:Classification report for TEST DATA:
11:59:44 Logger1 INFO:              precision    recall  f1-score   support

           0       1.00      1.00      1.00        18

    accuracy                           1.00        18
   macro avg       1.00      1.00      1.00        18
weighted avg       1.00      1.00      1.00        18

11:59:44 Logger1 INFO:        pred:0
true:0      18
11:59:44 Logger1 INFO: "Accuracy": 1.0, "Precision": 0.0, "Recall": 0.0, "F1": 0.0, "MCC": 0.0
11:59:44 Logger1 INFO:----- ANALYSIS FOR THE GROUP: Escherichia_coli -----
11:59:44 Logger1 INFO:*** EVALUATION ON TEST DATA  ***
11:59:44 Logger1 INFO:AUC: nan
11:59:44 Logger1 INFO:Matthews Correlation Coefficient computed after applying the tuned/selected threshold : 0.0
11:59:44 Logger1 INFO:Accuracy on test set: 92.31%
11:59:45 Logger1 INFO:Classification report for TEST DATA:
11:59:45 Logger1 INFO:              precision    recall  f1-score   support

           0       1.00      0.92      0.96        39
           1       0.00      0.00      0.00         0

    accuracy                           0.92        39
   macro avg       0.50      0.46      0.48        39
weighted avg       1.00      0.92      0.96        39

11:59:45 Logger1 INFO:        pred:0  pred:1
true:0      36       3
true:1       0       0
11:59:45 Logger1 INFO: "Accuracy": 0.9230769230769231, "Precision": 0.0, "Recall": 0.0, "F1": 0.0, "MCC": 0.0
11:59:45 Logger1 INFO:----- ANALYSIS FOR THE GROUP: Geobacillus_stearothermophilus -----
11:59:45 Logger1 INFO:*** EVALUATION ON TEST DATA  ***
11:59:45 Logger1 INFO:AUC: nan
11:59:45 Logger1 INFO:Matthews Correlation Coefficient computed after applying the tuned/selected threshold : 0.0
11:59:45 Logger1 INFO:Accuracy on test set: 91.67%
11:59:45 Logger1 INFO:Classification report for TEST DATA:
11:59:45 Logger1 INFO:              precision    recall  f1-score   support

           0       0.00      0.00      0.00         0
           1       1.00      0.92      0.96        24

    accuracy                           0.92        24
   macro avg       0.50      0.46      0.48        24
weighted avg       1.00      0.92      0.96        24

11:59:45 Logger1 INFO:        pred:0  pred:1
true:0       0       0
true:1       2      22
11:59:45 Logger1 INFO: "Accuracy": 0.9166666666666666, "Precision": 1.0, "Recall": 0.9166666666666666, "F1": 0.9565217391304348, "MCC": 0.0
11:59:45 Logger1 INFO:----- ANALYSIS FOR THE GROUP: Homo_sapiens -----
11:59:45 Logger1 INFO:*** EVALUATION ON TEST DATA  ***
11:59:45 Logger1 INFO:AUC: nan
11:59:45 Logger1 INFO:Matthews Correlation Coefficient computed after applying the tuned/selected threshold : 0.0
11:59:45 Logger1 INFO:Accuracy on test set: 100.00%
11:59:45 Logger1 INFO:Classification report for TEST DATA:
11:59:45 Logger1 INFO:              precision    recall  f1-score   support

           0       1.00      1.00      1.00         9

    accuracy                           1.00         9
   macro avg       1.00      1.00      1.00         9
weighted avg       1.00      1.00      1.00         9

11:59:45 Logger1 INFO:        pred:0
true:0       9
11:59:45 Logger1 INFO: "Accuracy": 1.0, "Precision": 0.0, "Recall": 0.0, "F1": 0.0, "MCC": 0.0
11:59:45 Logger1 INFO:----- ANALYSIS FOR THE GROUP: Mus_musculus -----
11:59:45 Logger1 INFO:*** EVALUATION ON TEST DATA  ***
11:59:45 Logger1 INFO:AUC: nan
11:59:45 Logger1 INFO:Matthews Correlation Coefficient computed after applying the tuned/selected threshold : 0.0
11:59:45 Logger1 INFO:Accuracy on test set: 100.00%
11:59:46 Logger1 INFO:Classification report for TEST DATA:
11:59:46 Logger1 INFO:              precision    recall  f1-score   support

           0       1.00      1.00      1.00        35

    accuracy                           1.00        35
   macro avg       1.00      1.00      1.00        35
weighted avg       1.00      1.00      1.00        35

11:59:46 Logger1 INFO:        pred:0
true:0      35
11:59:46 Logger1 INFO: "Accuracy": 1.0, "Precision": 0.0, "Recall": 0.0, "F1": 0.0, "MCC": 0.0
11:59:46 Logger1 INFO:----- ANALYSIS FOR THE GROUP: Picrophilus_torridus -----
11:59:46 Logger1 INFO:*** EVALUATION ON TEST DATA  ***
11:59:46 Logger1 INFO:AUC: nan
11:59:46 Logger1 INFO:Matthews Correlation Coefficient computed after applying the tuned/selected threshold : 0.0
11:59:46 Logger1 INFO:Accuracy on test set: 100.00%
11:59:46 Logger1 INFO:Classification report for TEST DATA:
11:59:46 Logger1 INFO:              precision    recall  f1-score   support

           1       1.00      1.00      1.00        15

    accuracy                           1.00        15
   macro avg       1.00      1.00      1.00        15
weighted avg       1.00      1.00      1.00        15

11:59:46 Logger1 INFO:        pred:1
true:1      15
11:59:46 Logger1 INFO: "Accuracy": 1.0, "Precision": 1.0, "Recall": 1.0, "F1": 1.0, "MCC": 0.0
11:59:46 Logger1 INFO:----- ANALYSIS FOR THE GROUP: Saccharomyces_cerevisiae -----
11:59:46 Logger1 INFO:*** EVALUATION ON TEST DATA  ***
11:59:46 Logger1 INFO:AUC: nan
11:59:46 Logger1 INFO:Matthews Correlation Coefficient computed after applying the tuned/selected threshold : 0.0
11:59:46 Logger1 INFO:Accuracy on test set: 100.00%
11:59:46 Logger1 INFO:Classification report for TEST DATA:
11:59:46 Logger1 INFO:              precision    recall  f1-score   support

           0       1.00      1.00      1.00        38

    accuracy                           1.00        38
   macro avg       1.00      1.00      1.00        38
weighted avg       1.00      1.00      1.00        38

11:59:46 Logger1 INFO:        pred:0
true:0      38
11:59:46 Logger1 INFO: "Accuracy": 1.0, "Precision": 0.0, "Recall": 0.0, "F1": 0.0, "MCC": 0.0
11:59:46 Logger1 INFO:----- ANALYSIS FOR THE GROUP: Thermus_thermophilus -----
11:59:46 Logger1 INFO:*** EVALUATION ON TEST DATA  ***
11:59:46 Logger1 INFO:AUC: nan
11:59:46 Logger1 INFO:Matthews Correlation Coefficient computed after applying the tuned/selected threshold : 0.0
11:59:46 Logger1 INFO:Accuracy on test set: 100.00%
11:59:47 Logger1 INFO:Classification report for TEST DATA:
11:59:47 Logger1 INFO:              precision    recall  f1-score   support

           1       1.00      1.00      1.00       170

    accuracy                           1.00       170
   macro avg       1.00      1.00      1.00       170
weighted avg       1.00      1.00      1.00       170

11:59:47 Logger1 INFO:        pred:1
true:1     170
11:59:47 Logger1 INFO: "Accuracy": 1.0, "Precision": 1.0, "Recall": 1.0, "F1": 1.0, "MCC": 0.0
12:01:48 Logger1 INFO:----- ANALYSIS FOR THE GROUP: Arabidopsis_thaliana -----
12:01:48 Logger1 INFO:*** EVALUATION ON TEST DATA  ***
12:01:48 Logger1 INFO:AUC: nan
12:01:48 Logger1 INFO:Matthews Correlation Coefficient computed after applying the tuned/selected threshold : 0.0
12:01:48 Logger1 INFO:Accuracy on test set: 100.00%
12:01:49 Logger1 INFO:Classification report for TEST DATA:
12:01:49 Logger1 INFO:              precision    recall  f1-score   support

           0       1.00      1.00      1.00        17

    accuracy                           1.00        17
   macro avg       1.00      1.00      1.00        17
weighted avg       1.00      1.00      1.00        17

12:01:49 Logger1 INFO:        pred:0
true:0      17
12:01:49 Logger1 INFO: "Accuracy": 1.0, "Precision": 0.0, "Recall": 0.0, "F1": 0.0, "MCC": 0.0
12:01:49 Logger1 INFO:----- ANALYSIS FOR THE GROUP: Caenorhabditis_elegans -----
12:01:49 Logger1 INFO:*** EVALUATION ON TEST DATA  ***
12:01:49 Logger1 INFO:AUC: nan
12:01:49 Logger1 INFO:Matthews Correlation Coefficient computed after applying the tuned/selected threshold : 0.0
12:01:49 Logger1 INFO:Accuracy on test set: 99.11%
12:01:49 Logger1 INFO:Classification report for TEST DATA:
12:01:49 Logger1 INFO:              precision    recall  f1-score   support

           0       1.00      0.99      1.00       112
           1       0.00      0.00      0.00         0

    accuracy                           0.99       112
   macro avg       0.50      0.50      0.50       112
weighted avg       1.00      0.99      1.00       112

12:01:49 Logger1 INFO:        pred:0  pred:1
true:0     111       1
true:1       0       0
12:01:49 Logger1 INFO: "Accuracy": 0.9910714285714286, "Precision": 0.0, "Recall": 0.0, "F1": 0.0, "MCC": 0.0
12:01:49 Logger1 INFO:----- ANALYSIS FOR THE GROUP: Danio_rerio -----
12:01:49 Logger1 INFO:*** EVALUATION ON TEST DATA  ***
12:01:49 Logger1 INFO:AUC: nan
12:01:49 Logger1 INFO:Matthews Correlation Coefficient computed after applying the tuned/selected threshold : 0.0
12:01:49 Logger1 INFO:Accuracy on test set: 98.15%
12:01:49 Logger1 INFO:Classification report for TEST DATA:
12:01:49 Logger1 INFO:              precision    recall  f1-score   support

           0       1.00      0.98      0.99        54
           1       0.00      0.00      0.00         0

    accuracy                           0.98        54
   macro avg       0.50      0.49      0.50        54
weighted avg       1.00      0.98      0.99        54

12:01:49 Logger1 INFO:        pred:0  pred:1
true:0      53       1
true:1       0       0
12:01:49 Logger1 INFO: "Accuracy": 0.9814814814814815, "Precision": 0.0, "Recall": 0.0, "F1": 0.0, "MCC": 0.0
12:01:49 Logger1 INFO:----- ANALYSIS FOR THE GROUP: Drosophila_melanogaster -----
12:01:49 Logger1 INFO:*** EVALUATION ON TEST DATA  ***
12:01:49 Logger1 INFO:AUC: nan
12:01:49 Logger1 INFO:Matthews Correlation Coefficient computed after applying the tuned/selected threshold : 0.0
12:01:49 Logger1 INFO:Accuracy on test set: 100.00%
12:01:50 Logger1 INFO:Classification report for TEST DATA:
12:01:50 Logger1 INFO:              precision    recall  f1-score   support

           0       1.00      1.00      1.00        18

    accuracy                           1.00        18
   macro avg       1.00      1.00      1.00        18
weighted avg       1.00      1.00      1.00        18

12:01:50 Logger1 INFO:        pred:0
true:0      18
12:01:50 Logger1 INFO: "Accuracy": 1.0, "Precision": 0.0, "Recall": 0.0, "F1": 0.0, "MCC": 0.0
12:01:50 Logger1 INFO:----- ANALYSIS FOR THE GROUP: Escherichia_coli -----
12:01:50 Logger1 INFO:*** EVALUATION ON TEST DATA  ***
12:01:50 Logger1 INFO:AUC: nan
12:01:50 Logger1 INFO:Matthews Correlation Coefficient computed after applying the tuned/selected threshold : 0.0
12:01:50 Logger1 INFO:Accuracy on test set: 92.31%
12:01:50 Logger1 INFO:Classification report for TEST DATA:
12:01:50 Logger1 INFO:              precision    recall  f1-score   support

           0       1.00      0.92      0.96        39
           1       0.00      0.00      0.00         0

    accuracy                           0.92        39
   macro avg       0.50      0.46      0.48        39
weighted avg       1.00      0.92      0.96        39

12:01:50 Logger1 INFO:        pred:0  pred:1
true:0      36       3
true:1       0       0
12:01:50 Logger1 INFO: "Accuracy": 0.9230769230769231, "Precision": 0.0, "Recall": 0.0, "F1": 0.0, "MCC": 0.0
12:01:50 Logger1 INFO:----- ANALYSIS FOR THE GROUP: Geobacillus_stearothermophilus -----
12:01:50 Logger1 INFO:*** EVALUATION ON TEST DATA  ***
12:01:50 Logger1 INFO:AUC: nan
12:01:50 Logger1 INFO:Matthews Correlation Coefficient computed after applying the tuned/selected threshold : 0.0
12:01:50 Logger1 INFO:Accuracy on test set: 91.67%
12:01:50 Logger1 INFO:Classification report for TEST DATA:
12:01:50 Logger1 INFO:              precision    recall  f1-score   support

           0       0.00      0.00      0.00         0
           1       1.00      0.92      0.96        24

    accuracy                           0.92        24
   macro avg       0.50      0.46      0.48        24
weighted avg       1.00      0.92      0.96        24

12:01:50 Logger1 INFO:        pred:0  pred:1
true:0       0       0
true:1       2      22
12:01:50 Logger1 INFO: "Accuracy": 0.9166666666666666, "Precision": 1.0, "Recall": 0.9166666666666666, "F1": 0.9565217391304348, "MCC": 0.0
12:01:50 Logger1 INFO:----- ANALYSIS FOR THE GROUP: Homo_sapiens -----
12:01:50 Logger1 INFO:*** EVALUATION ON TEST DATA  ***
12:01:50 Logger1 INFO:AUC: nan
12:01:50 Logger1 INFO:Matthews Correlation Coefficient computed after applying the tuned/selected threshold : 0.0
12:01:50 Logger1 INFO:Accuracy on test set: 100.00%
12:01:51 Logger1 INFO:Classification report for TEST DATA:
12:01:51 Logger1 INFO:              precision    recall  f1-score   support

           0       1.00      1.00      1.00         9

    accuracy                           1.00         9
   macro avg       1.00      1.00      1.00         9
weighted avg       1.00      1.00      1.00         9

12:01:51 Logger1 INFO:        pred:0
true:0       9
12:01:51 Logger1 INFO: "Accuracy": 1.0, "Precision": 0.0, "Recall": 0.0, "F1": 0.0, "MCC": 0.0
12:01:51 Logger1 INFO:----- ANALYSIS FOR THE GROUP: Mus_musculus -----
12:01:51 Logger1 INFO:*** EVALUATION ON TEST DATA  ***
12:01:51 Logger1 INFO:AUC: nan
12:01:51 Logger1 INFO:Matthews Correlation Coefficient computed after applying the tuned/selected threshold : 0.0
12:01:51 Logger1 INFO:Accuracy on test set: 100.00%
12:01:51 Logger1 INFO:Classification report for TEST DATA:
12:01:51 Logger1 INFO:              precision    recall  f1-score   support

           0       1.00      1.00      1.00        35

    accuracy                           1.00        35
   macro avg       1.00      1.00      1.00        35
weighted avg       1.00      1.00      1.00        35

12:01:51 Logger1 INFO:        pred:0
true:0      35
12:01:51 Logger1 INFO: "Accuracy": 1.0, "Precision": 0.0, "Recall": 0.0, "F1": 0.0, "MCC": 0.0
12:01:51 Logger1 INFO:----- ANALYSIS FOR THE GROUP: Picrophilus_torridus -----
12:01:51 Logger1 INFO:*** EVALUATION ON TEST DATA  ***
12:01:51 Logger1 INFO:AUC: nan
12:01:51 Logger1 INFO:Matthews Correlation Coefficient computed after applying the tuned/selected threshold : 0.0
12:01:51 Logger1 INFO:Accuracy on test set: 100.00%
12:01:51 Logger1 INFO:Classification report for TEST DATA:
12:01:51 Logger1 INFO:              precision    recall  f1-score   support

           1       1.00      1.00      1.00        15

    accuracy                           1.00        15
   macro avg       1.00      1.00      1.00        15
weighted avg       1.00      1.00      1.00        15

12:01:51 Logger1 INFO:        pred:1
true:1      15
12:01:51 Logger1 INFO: "Accuracy": 1.0, "Precision": 1.0, "Recall": 1.0, "F1": 1.0, "MCC": 0.0
12:01:51 Logger1 INFO:----- ANALYSIS FOR THE GROUP: Saccharomyces_cerevisiae -----
12:01:51 Logger1 INFO:*** EVALUATION ON TEST DATA  ***
12:01:51 Logger1 INFO:AUC: nan
12:01:51 Logger1 INFO:Matthews Correlation Coefficient computed after applying the tuned/selected threshold : 0.0
12:01:51 Logger1 INFO:Accuracy on test set: 100.00%
12:01:52 Logger1 INFO:Classification report for TEST DATA:
12:01:52 Logger1 INFO:              precision    recall  f1-score   support

           0       1.00      1.00      1.00        38

    accuracy                           1.00        38
   macro avg       1.00      1.00      1.00        38
weighted avg       1.00      1.00      1.00        38

12:01:52 Logger1 INFO:        pred:0
true:0      38
12:01:52 Logger1 INFO: "Accuracy": 1.0, "Precision": 0.0, "Recall": 0.0, "F1": 0.0, "MCC": 0.0
12:01:52 Logger1 INFO:----- ANALYSIS FOR THE GROUP: Thermus_thermophilus -----
12:01:52 Logger1 INFO:*** EVALUATION ON TEST DATA  ***
12:01:52 Logger1 INFO:AUC: nan
12:01:52 Logger1 INFO:Matthews Correlation Coefficient computed after applying the tuned/selected threshold : 0.0
12:01:52 Logger1 INFO:Accuracy on test set: 100.00%
12:01:52 Logger1 INFO:Classification report for TEST DATA:
12:01:52 Logger1 INFO:              precision    recall  f1-score   support

           1       1.00      1.00      1.00       170

    accuracy                           1.00       170
   macro avg       1.00      1.00      1.00       170
weighted avg       1.00      1.00      1.00       170

12:01:52 Logger1 INFO:        pred:1
true:1     170
12:01:52 Logger1 INFO: "Accuracy": 1.0, "Precision": 1.0, "Recall": 1.0, "F1": 1.0, "MCC": 0.0
12:05:20 Logger1 INFO:*** EVALUATION ON TEST DATA  ***
12:05:20 Logger1 INFO:AUC: nan
12:05:20 Logger1 INFO:Matthews Correlation Coefficient computed after applying the tuned/selected threshold : 0.0
12:05:20 Logger1 INFO:Accuracy on test set: 100.00%
12:05:20 Logger1 INFO:Classification report for TEST DATA:
12:05:20 Logger1 INFO:              precision    recall  f1-score   support

           0       1.00      1.00      1.00        17

    accuracy                           1.00        17
   macro avg       1.00      1.00      1.00        17
weighted avg       1.00      1.00      1.00        17

12:05:20 Logger1 INFO:        pred:0
true:0      17
12:05:20 Logger1 INFO: "Accuracy": 1.0, "Precision": 0.0, "Recall": 0.0, "F1": 0.0, "MCC": 0.0
12:05:20 Logger1 INFO:*** EVALUATION ON TEST DATA  ***
12:05:20 Logger1 INFO:AUC: nan
12:05:20 Logger1 INFO:Matthews Correlation Coefficient computed after applying the tuned/selected threshold : 0.0
12:05:20 Logger1 INFO:Accuracy on test set: 99.11%
12:05:20 Logger1 INFO:Classification report for TEST DATA:
12:05:20 Logger1 INFO:              precision    recall  f1-score   support

           0       1.00      0.99      1.00       112
           1       0.00      0.00      0.00         0

    accuracy                           0.99       112
   macro avg       0.50      0.50      0.50       112
weighted avg       1.00      0.99      1.00       112

12:05:20 Logger1 INFO:        pred:0  pred:1
true:0     111       1
true:1       0       0
12:05:20 Logger1 INFO: "Accuracy": 0.9910714285714286, "Precision": 0.0, "Recall": 0.0, "F1": 0.0, "MCC": 0.0
12:05:20 Logger1 INFO:*** EVALUATION ON TEST DATA  ***
12:05:20 Logger1 INFO:AUC: nan
12:05:20 Logger1 INFO:Matthews Correlation Coefficient computed after applying the tuned/selected threshold : 0.0
12:05:20 Logger1 INFO:Accuracy on test set: 98.15%
12:05:21 Logger1 INFO:Classification report for TEST DATA:
12:05:21 Logger1 INFO:              precision    recall  f1-score   support

           0       1.00      0.98      0.99        54
           1       0.00      0.00      0.00         0

    accuracy                           0.98        54
   macro avg       0.50      0.49      0.50        54
weighted avg       1.00      0.98      0.99        54

12:05:21 Logger1 INFO:        pred:0  pred:1
true:0      53       1
true:1       0       0
12:05:21 Logger1 INFO: "Accuracy": 0.9814814814814815, "Precision": 0.0, "Recall": 0.0, "F1": 0.0, "MCC": 0.0
12:05:21 Logger1 INFO:*** EVALUATION ON TEST DATA  ***
12:05:21 Logger1 INFO:AUC: nan
12:05:21 Logger1 INFO:Matthews Correlation Coefficient computed after applying the tuned/selected threshold : 0.0
12:05:21 Logger1 INFO:Accuracy on test set: 100.00%
12:05:21 Logger1 INFO:Classification report for TEST DATA:
12:05:21 Logger1 INFO:              precision    recall  f1-score   support

           0       1.00      1.00      1.00        18

    accuracy                           1.00        18
   macro avg       1.00      1.00      1.00        18
weighted avg       1.00      1.00      1.00        18

12:05:21 Logger1 INFO:        pred:0
true:0      18
12:05:21 Logger1 INFO: "Accuracy": 1.0, "Precision": 0.0, "Recall": 0.0, "F1": 0.0, "MCC": 0.0
12:05:21 Logger1 INFO:*** EVALUATION ON TEST DATA  ***
12:05:21 Logger1 INFO:AUC: nan
12:05:21 Logger1 INFO:Matthews Correlation Coefficient computed after applying the tuned/selected threshold : 0.0
12:05:21 Logger1 INFO:Accuracy on test set: 92.31%
12:05:21 Logger1 INFO:Classification report for TEST DATA:
12:05:21 Logger1 INFO:              precision    recall  f1-score   support

           0       1.00      0.92      0.96        39
           1       0.00      0.00      0.00         0

    accuracy                           0.92        39
   macro avg       0.50      0.46      0.48        39
weighted avg       1.00      0.92      0.96        39

12:05:21 Logger1 INFO:        pred:0  pred:1
true:0      36       3
true:1       0       0
12:05:21 Logger1 INFO: "Accuracy": 0.9230769230769231, "Precision": 0.0, "Recall": 0.0, "F1": 0.0, "MCC": 0.0
12:05:21 Logger1 INFO:*** EVALUATION ON TEST DATA  ***
12:05:21 Logger1 INFO:AUC: nan
12:05:21 Logger1 INFO:Matthews Correlation Coefficient computed after applying the tuned/selected threshold : 0.0
12:05:21 Logger1 INFO:Accuracy on test set: 91.67%
12:05:22 Logger1 INFO:Classification report for TEST DATA:
12:05:22 Logger1 INFO:              precision    recall  f1-score   support

           0       0.00      0.00      0.00         0
           1       1.00      0.92      0.96        24

    accuracy                           0.92        24
   macro avg       0.50      0.46      0.48        24
weighted avg       1.00      0.92      0.96        24

12:05:22 Logger1 INFO:        pred:0  pred:1
true:0       0       0
true:1       2      22
12:05:22 Logger1 INFO: "Accuracy": 0.9166666666666666, "Precision": 1.0, "Recall": 0.9166666666666666, "F1": 0.9565217391304348, "MCC": 0.0
12:05:22 Logger1 INFO:*** EVALUATION ON TEST DATA  ***
12:05:22 Logger1 INFO:AUC: nan
12:05:22 Logger1 INFO:Matthews Correlation Coefficient computed after applying the tuned/selected threshold : 0.0
12:05:22 Logger1 INFO:Accuracy on test set: 100.00%
12:05:22 Logger1 INFO:Classification report for TEST DATA:
12:05:22 Logger1 INFO:              precision    recall  f1-score   support

           0       1.00      1.00      1.00         9

    accuracy                           1.00         9
   macro avg       1.00      1.00      1.00         9
weighted avg       1.00      1.00      1.00         9

12:05:22 Logger1 INFO:        pred:0
true:0       9
12:05:22 Logger1 INFO: "Accuracy": 1.0, "Precision": 0.0, "Recall": 0.0, "F1": 0.0, "MCC": 0.0
12:05:22 Logger1 INFO:*** EVALUATION ON TEST DATA  ***
12:05:22 Logger1 INFO:AUC: nan
12:05:22 Logger1 INFO:Matthews Correlation Coefficient computed after applying the tuned/selected threshold : 0.0
12:05:22 Logger1 INFO:Accuracy on test set: 100.00%
12:05:22 Logger1 INFO:Classification report for TEST DATA:
12:05:22 Logger1 INFO:              precision    recall  f1-score   support

           0       1.00      1.00      1.00        35

    accuracy                           1.00        35
   macro avg       1.00      1.00      1.00        35
weighted avg       1.00      1.00      1.00        35

12:05:22 Logger1 INFO:        pred:0
true:0      35
12:05:22 Logger1 INFO: "Accuracy": 1.0, "Precision": 0.0, "Recall": 0.0, "F1": 0.0, "MCC": 0.0
12:05:22 Logger1 INFO:*** EVALUATION ON TEST DATA  ***
12:05:22 Logger1 INFO:AUC: nan
12:05:22 Logger1 INFO:Matthews Correlation Coefficient computed after applying the tuned/selected threshold : 0.0
12:05:22 Logger1 INFO:Accuracy on test set: 100.00%
12:05:23 Logger1 INFO:Classification report for TEST DATA:
12:05:23 Logger1 INFO:              precision    recall  f1-score   support

           1       1.00      1.00      1.00        15

    accuracy                           1.00        15
   macro avg       1.00      1.00      1.00        15
weighted avg       1.00      1.00      1.00        15

12:05:23 Logger1 INFO:        pred:1
true:1      15
12:05:23 Logger1 INFO: "Accuracy": 1.0, "Precision": 1.0, "Recall": 1.0, "F1": 1.0, "MCC": 0.0
12:05:23 Logger1 INFO:*** EVALUATION ON TEST DATA  ***
12:05:23 Logger1 INFO:AUC: nan
12:05:23 Logger1 INFO:Matthews Correlation Coefficient computed after applying the tuned/selected threshold : 0.0
12:05:23 Logger1 INFO:Accuracy on test set: 100.00%
12:05:23 Logger1 INFO:Classification report for TEST DATA:
12:05:23 Logger1 INFO:              precision    recall  f1-score   support

           0       1.00      1.00      1.00        38

    accuracy                           1.00        38
   macro avg       1.00      1.00      1.00        38
weighted avg       1.00      1.00      1.00        38

12:05:23 Logger1 INFO:        pred:0
true:0      38
12:05:23 Logger1 INFO: "Accuracy": 1.0, "Precision": 0.0, "Recall": 0.0, "F1": 0.0, "MCC": 0.0
12:05:23 Logger1 INFO:*** EVALUATION ON TEST DATA  ***
12:05:23 Logger1 INFO:AUC: nan
12:05:23 Logger1 INFO:Matthews Correlation Coefficient computed after applying the tuned/selected threshold : 0.0
12:05:23 Logger1 INFO:Accuracy on test set: 100.00%
12:05:23 Logger1 INFO:Classification report for TEST DATA:
12:05:23 Logger1 INFO:              precision    recall  f1-score   support

           1       1.00      1.00      1.00       170

    accuracy                           1.00       170
   macro avg       1.00      1.00      1.00       170
weighted avg       1.00      1.00      1.00       170

12:05:23 Logger1 INFO:        pred:1
true:1     170
12:05:23 Logger1 INFO: "Accuracy": 1.0, "Precision": 1.0, "Recall": 1.0, "F1": 1.0, "MCC": 0.0
12:07:59 Logger1 INFO:*** EVALUATION ON TEST DATA  ***
12:07:59 Logger1 INFO:AUC: nan
12:07:59 Logger1 INFO:Matthews Correlation Coefficient computed after applying the tuned/selected threshold : 0.0
12:07:59 Logger1 INFO:Accuracy on test set: 100.00%
12:07:59 Logger1 INFO:Classification report for TEST DATA:
12:07:59 Logger1 INFO:              precision    recall  f1-score   support

           0       1.00      1.00      1.00        17

    accuracy                           1.00        17
   macro avg       1.00      1.00      1.00        17
weighted avg       1.00      1.00      1.00        17

12:07:59 Logger1 INFO:        pred:0
true:0      17
12:07:59 Logger1 INFO: "Accuracy": 1.0, "Precision": 0.0, "Recall": 0.0, "F1": 0.0, "MCC": 0.0
12:07:59 Logger1 INFO:*** EVALUATION ON TEST DATA  ***
12:07:59 Logger1 INFO:AUC: nan
12:07:59 Logger1 INFO:Matthews Correlation Coefficient computed after applying the tuned/selected threshold : 0.0
12:07:59 Logger1 INFO:Accuracy on test set: 99.11%
12:07:59 Logger1 INFO:Classification report for TEST DATA:
12:07:59 Logger1 INFO:              precision    recall  f1-score   support

           0       1.00      0.99      1.00       112
           1       0.00      0.00      0.00         0

    accuracy                           0.99       112
   macro avg       0.50      0.50      0.50       112
weighted avg       1.00      0.99      1.00       112

12:07:59 Logger1 INFO:        pred:0  pred:1
true:0     111       1
true:1       0       0
12:07:59 Logger1 INFO: "Accuracy": 0.9910714285714286, "Precision": 0.0, "Recall": 0.0, "F1": 0.0, "MCC": 0.0
12:07:59 Logger1 INFO:*** EVALUATION ON TEST DATA  ***
12:07:59 Logger1 INFO:AUC: nan
12:07:59 Logger1 INFO:Matthews Correlation Coefficient computed after applying the tuned/selected threshold : 0.0
12:07:59 Logger1 INFO:Accuracy on test set: 98.15%
12:08:00 Logger1 INFO:Classification report for TEST DATA:
12:08:00 Logger1 INFO:              precision    recall  f1-score   support

           0       1.00      0.98      0.99        54
           1       0.00      0.00      0.00         0

    accuracy                           0.98        54
   macro avg       0.50      0.49      0.50        54
weighted avg       1.00      0.98      0.99        54

12:08:00 Logger1 INFO:        pred:0  pred:1
true:0      53       1
true:1       0       0
12:08:00 Logger1 INFO: "Accuracy": 0.9814814814814815, "Precision": 0.0, "Recall": 0.0, "F1": 0.0, "MCC": 0.0
12:08:00 Logger1 INFO:*** EVALUATION ON TEST DATA  ***
12:08:00 Logger1 INFO:AUC: nan
12:08:00 Logger1 INFO:Matthews Correlation Coefficient computed after applying the tuned/selected threshold : 0.0
12:08:00 Logger1 INFO:Accuracy on test set: 100.00%
12:08:00 Logger1 INFO:Classification report for TEST DATA:
12:08:00 Logger1 INFO:              precision    recall  f1-score   support

           0       1.00      1.00      1.00        18

    accuracy                           1.00        18
   macro avg       1.00      1.00      1.00        18
weighted avg       1.00      1.00      1.00        18

12:08:00 Logger1 INFO:        pred:0
true:0      18
12:08:00 Logger1 INFO: "Accuracy": 1.0, "Precision": 0.0, "Recall": 0.0, "F1": 0.0, "MCC": 0.0
12:08:00 Logger1 INFO:*** EVALUATION ON TEST DATA  ***
12:08:00 Logger1 INFO:AUC: nan
12:08:00 Logger1 INFO:Matthews Correlation Coefficient computed after applying the tuned/selected threshold : 0.0
12:08:00 Logger1 INFO:Accuracy on test set: 92.31%
12:08:00 Logger1 INFO:Classification report for TEST DATA:
12:08:00 Logger1 INFO:              precision    recall  f1-score   support

           0       1.00      0.92      0.96        39
           1       0.00      0.00      0.00         0

    accuracy                           0.92        39
   macro avg       0.50      0.46      0.48        39
weighted avg       1.00      0.92      0.96        39

12:08:00 Logger1 INFO:        pred:0  pred:1
true:0      36       3
true:1       0       0
12:08:00 Logger1 INFO: "Accuracy": 0.9230769230769231, "Precision": 0.0, "Recall": 0.0, "F1": 0.0, "MCC": 0.0
12:08:00 Logger1 INFO:*** EVALUATION ON TEST DATA  ***
12:08:00 Logger1 INFO:AUC: nan
12:08:00 Logger1 INFO:Matthews Correlation Coefficient computed after applying the tuned/selected threshold : 0.0
12:08:00 Logger1 INFO:Accuracy on test set: 91.67%
12:08:01 Logger1 INFO:Classification report for TEST DATA:
12:08:01 Logger1 INFO:              precision    recall  f1-score   support

           0       0.00      0.00      0.00         0
           1       1.00      0.92      0.96        24

    accuracy                           0.92        24
   macro avg       0.50      0.46      0.48        24
weighted avg       1.00      0.92      0.96        24

12:08:01 Logger1 INFO:        pred:0  pred:1
true:0       0       0
true:1       2      22
12:08:01 Logger1 INFO: "Accuracy": 0.9166666666666666, "Precision": 1.0, "Recall": 0.9166666666666666, "F1": 0.9565217391304348, "MCC": 0.0
12:08:01 Logger1 INFO:*** EVALUATION ON TEST DATA  ***
12:08:01 Logger1 INFO:AUC: nan
12:08:01 Logger1 INFO:Matthews Correlation Coefficient computed after applying the tuned/selected threshold : 0.0
12:08:01 Logger1 INFO:Accuracy on test set: 100.00%
12:08:01 Logger1 INFO:Classification report for TEST DATA:
12:08:01 Logger1 INFO:              precision    recall  f1-score   support

           0       1.00      1.00      1.00         9

    accuracy                           1.00         9
   macro avg       1.00      1.00      1.00         9
weighted avg       1.00      1.00      1.00         9

12:08:01 Logger1 INFO:        pred:0
true:0       9
12:08:01 Logger1 INFO: "Accuracy": 1.0, "Precision": 0.0, "Recall": 0.0, "F1": 0.0, "MCC": 0.0
12:08:01 Logger1 INFO:*** EVALUATION ON TEST DATA  ***
12:08:01 Logger1 INFO:AUC: nan
12:08:01 Logger1 INFO:Matthews Correlation Coefficient computed after applying the tuned/selected threshold : 0.0
12:08:01 Logger1 INFO:Accuracy on test set: 100.00%
12:08:01 Logger1 INFO:Classification report for TEST DATA:
12:08:01 Logger1 INFO:              precision    recall  f1-score   support

           0       1.00      1.00      1.00        35

    accuracy                           1.00        35
   macro avg       1.00      1.00      1.00        35
weighted avg       1.00      1.00      1.00        35

12:08:01 Logger1 INFO:        pred:0
true:0      35
12:08:01 Logger1 INFO: "Accuracy": 1.0, "Precision": 0.0, "Recall": 0.0, "F1": 0.0, "MCC": 0.0
12:08:01 Logger1 INFO:*** EVALUATION ON TEST DATA  ***
12:08:01 Logger1 INFO:AUC: nan
12:08:01 Logger1 INFO:Matthews Correlation Coefficient computed after applying the tuned/selected threshold : 0.0
12:08:01 Logger1 INFO:Accuracy on test set: 100.00%
12:08:02 Logger1 INFO:Classification report for TEST DATA:
12:08:02 Logger1 INFO:              precision    recall  f1-score   support

           1       1.00      1.00      1.00        15

    accuracy                           1.00        15
   macro avg       1.00      1.00      1.00        15
weighted avg       1.00      1.00      1.00        15

12:08:02 Logger1 INFO:        pred:1
true:1      15
12:08:02 Logger1 INFO: "Accuracy": 1.0, "Precision": 1.0, "Recall": 1.0, "F1": 1.0, "MCC": 0.0
12:08:02 Logger1 INFO:*** EVALUATION ON TEST DATA  ***
12:08:02 Logger1 INFO:AUC: nan
12:08:02 Logger1 INFO:Matthews Correlation Coefficient computed after applying the tuned/selected threshold : 0.0
12:08:02 Logger1 INFO:Accuracy on test set: 100.00%
12:08:02 Logger1 INFO:Classification report for TEST DATA:
12:08:02 Logger1 INFO:              precision    recall  f1-score   support

           0       1.00      1.00      1.00        38

    accuracy                           1.00        38
   macro avg       1.00      1.00      1.00        38
weighted avg       1.00      1.00      1.00        38

12:08:02 Logger1 INFO:        pred:0
true:0      38
12:08:02 Logger1 INFO: "Accuracy": 1.0, "Precision": 0.0, "Recall": 0.0, "F1": 0.0, "MCC": 0.0
12:08:02 Logger1 INFO:*** EVALUATION ON TEST DATA  ***
12:08:02 Logger1 INFO:AUC: nan
12:08:02 Logger1 INFO:Matthews Correlation Coefficient computed after applying the tuned/selected threshold : 0.0
12:08:02 Logger1 INFO:Accuracy on test set: 100.00%
12:08:02 Logger1 INFO:Classification report for TEST DATA:
12:08:02 Logger1 INFO:              precision    recall  f1-score   support

           1       1.00      1.00      1.00       170

    accuracy                           1.00       170
   macro avg       1.00      1.00      1.00       170
weighted avg       1.00      1.00      1.00       170

12:08:02 Logger1 INFO:        pred:1
true:1     170
12:08:02 Logger1 INFO: "Accuracy": 1.0, "Precision": 1.0, "Recall": 1.0, "F1": 1.0, "MCC": 0.0
12:10:33 Logger1 INFO:*** EVALUATION ON TEST DATA  ***
12:10:33 Logger1 INFO:AUC: nan
12:10:33 Logger1 INFO:Matthews Correlation Coefficient computed after applying the tuned/selected threshold : 0.0
12:10:33 Logger1 INFO:Accuracy on test set: 100.00%
12:10:33 Logger1 INFO:Classification report for TEST DATA:
12:10:33 Logger1 INFO:              precision    recall  f1-score   support

           0       1.00      1.00      1.00        17

    accuracy                           1.00        17
   macro avg       1.00      1.00      1.00        17
weighted avg       1.00      1.00      1.00        17

12:10:33 Logger1 INFO:        pred:0
true:0      17
12:10:33 Logger1 INFO: "Accuracy": 1.0, "Precision": 0.0, "Recall": 0.0, "F1": 0.0, "MCC": 0.0
12:10:33 Logger1 INFO:*** EVALUATION ON TEST DATA  ***
12:10:33 Logger1 INFO:AUC: nan
12:10:33 Logger1 INFO:Matthews Correlation Coefficient computed after applying the tuned/selected threshold : 0.0
12:10:33 Logger1 INFO:Accuracy on test set: 99.11%
12:10:33 Logger1 INFO:Classification report for TEST DATA:
12:10:33 Logger1 INFO:              precision    recall  f1-score   support

           0       1.00      0.99      1.00       112
           1       0.00      0.00      0.00         0

    accuracy                           0.99       112
   macro avg       0.50      0.50      0.50       112
weighted avg       1.00      0.99      1.00       112

12:10:33 Logger1 INFO:        pred:0  pred:1
true:0     111       1
true:1       0       0
12:10:34 Logger1 INFO: "Accuracy": 0.9910714285714286, "Precision": 0.0, "Recall": 0.0, "F1": 0.0, "MCC": 0.0
12:10:34 Logger1 INFO:*** EVALUATION ON TEST DATA  ***
12:10:34 Logger1 INFO:AUC: nan
12:10:34 Logger1 INFO:Matthews Correlation Coefficient computed after applying the tuned/selected threshold : 0.0
12:10:34 Logger1 INFO:Accuracy on test set: 98.15%
12:10:34 Logger1 INFO:Classification report for TEST DATA:
12:10:34 Logger1 INFO:              precision    recall  f1-score   support

           0       1.00      0.98      0.99        54
           1       0.00      0.00      0.00         0

    accuracy                           0.98        54
   macro avg       0.50      0.49      0.50        54
weighted avg       1.00      0.98      0.99        54

12:10:34 Logger1 INFO:        pred:0  pred:1
true:0      53       1
true:1       0       0
12:10:34 Logger1 INFO: "Accuracy": 0.9814814814814815, "Precision": 0.0, "Recall": 0.0, "F1": 0.0, "MCC": 0.0
12:10:34 Logger1 INFO:*** EVALUATION ON TEST DATA  ***
12:10:34 Logger1 INFO:AUC: nan
12:10:34 Logger1 INFO:Matthews Correlation Coefficient computed after applying the tuned/selected threshold : 0.0
12:10:34 Logger1 INFO:Accuracy on test set: 100.00%
12:10:34 Logger1 INFO:Classification report for TEST DATA:
12:10:34 Logger1 INFO:              precision    recall  f1-score   support

           0       1.00      1.00      1.00        18

    accuracy                           1.00        18
   macro avg       1.00      1.00      1.00        18
weighted avg       1.00      1.00      1.00        18

12:10:34 Logger1 INFO:        pred:0
true:0      18
12:10:34 Logger1 INFO: "Accuracy": 1.0, "Precision": 0.0, "Recall": 0.0, "F1": 0.0, "MCC": 0.0
12:10:34 Logger1 INFO:*** EVALUATION ON TEST DATA  ***
12:10:34 Logger1 INFO:AUC: nan
12:10:34 Logger1 INFO:Matthews Correlation Coefficient computed after applying the tuned/selected threshold : 0.0
12:10:34 Logger1 INFO:Accuracy on test set: 92.31%
12:10:34 Logger1 INFO:Classification report for TEST DATA:
12:10:34 Logger1 INFO:              precision    recall  f1-score   support

           0       1.00      0.92      0.96        39
           1       0.00      0.00      0.00         0

    accuracy                           0.92        39
   macro avg       0.50      0.46      0.48        39
weighted avg       1.00      0.92      0.96        39

12:10:34 Logger1 INFO:        pred:0  pred:1
true:0      36       3
true:1       0       0
12:10:35 Logger1 INFO: "Accuracy": 0.9230769230769231, "Precision": 0.0, "Recall": 0.0, "F1": 0.0, "MCC": 0.0
12:10:35 Logger1 INFO:*** EVALUATION ON TEST DATA  ***
12:10:35 Logger1 INFO:AUC: nan
12:10:35 Logger1 INFO:Matthews Correlation Coefficient computed after applying the tuned/selected threshold : 0.0
12:10:35 Logger1 INFO:Accuracy on test set: 91.67%
12:10:35 Logger1 INFO:Classification report for TEST DATA:
12:10:35 Logger1 INFO:              precision    recall  f1-score   support

           0       0.00      0.00      0.00         0
           1       1.00      0.92      0.96        24

    accuracy                           0.92        24
   macro avg       0.50      0.46      0.48        24
weighted avg       1.00      0.92      0.96        24

12:10:35 Logger1 INFO:        pred:0  pred:1
true:0       0       0
true:1       2      22
12:10:35 Logger1 INFO: "Accuracy": 0.9166666666666666, "Precision": 1.0, "Recall": 0.9166666666666666, "F1": 0.9565217391304348, "MCC": 0.0
12:10:35 Logger1 INFO:*** EVALUATION ON TEST DATA  ***
12:10:35 Logger1 INFO:AUC: nan
12:10:35 Logger1 INFO:Matthews Correlation Coefficient computed after applying the tuned/selected threshold : 0.0
12:10:35 Logger1 INFO:Accuracy on test set: 100.00%
12:10:35 Logger1 INFO:Classification report for TEST DATA:
12:10:35 Logger1 INFO:              precision    recall  f1-score   support

           0       1.00      1.00      1.00         9

    accuracy                           1.00         9
   macro avg       1.00      1.00      1.00         9
weighted avg       1.00      1.00      1.00         9

12:10:35 Logger1 INFO:        pred:0
true:0       9
12:10:35 Logger1 INFO: "Accuracy": 1.0, "Precision": 0.0, "Recall": 0.0, "F1": 0.0, "MCC": 0.0
12:10:35 Logger1 INFO:*** EVALUATION ON TEST DATA  ***
12:10:35 Logger1 INFO:AUC: nan
12:10:35 Logger1 INFO:Matthews Correlation Coefficient computed after applying the tuned/selected threshold : 0.0
12:10:35 Logger1 INFO:Accuracy on test set: 100.00%
12:10:35 Logger1 INFO:Classification report for TEST DATA:
12:10:35 Logger1 INFO:              precision    recall  f1-score   support

           0       1.00      1.00      1.00        35

    accuracy                           1.00        35
   macro avg       1.00      1.00      1.00        35
weighted avg       1.00      1.00      1.00        35

12:10:35 Logger1 INFO:        pred:0
true:0      35
12:10:36 Logger1 INFO: "Accuracy": 1.0, "Precision": 0.0, "Recall": 0.0, "F1": 0.0, "MCC": 0.0
12:10:36 Logger1 INFO:*** EVALUATION ON TEST DATA  ***
12:10:36 Logger1 INFO:AUC: nan
12:10:36 Logger1 INFO:Matthews Correlation Coefficient computed after applying the tuned/selected threshold : 0.0
12:10:36 Logger1 INFO:Accuracy on test set: 100.00%
12:10:36 Logger1 INFO:Classification report for TEST DATA:
12:10:36 Logger1 INFO:              precision    recall  f1-score   support

           1       1.00      1.00      1.00        15

    accuracy                           1.00        15
   macro avg       1.00      1.00      1.00        15
weighted avg       1.00      1.00      1.00        15

12:10:36 Logger1 INFO:        pred:1
true:1      15
12:10:36 Logger1 INFO: "Accuracy": 1.0, "Precision": 1.0, "Recall": 1.0, "F1": 1.0, "MCC": 0.0
12:10:36 Logger1 INFO:*** EVALUATION ON TEST DATA  ***
12:10:36 Logger1 INFO:AUC: nan
12:10:36 Logger1 INFO:Matthews Correlation Coefficient computed after applying the tuned/selected threshold : 0.0
12:10:36 Logger1 INFO:Accuracy on test set: 100.00%
12:10:36 Logger1 INFO:Classification report for TEST DATA:
12:10:36 Logger1 INFO:              precision    recall  f1-score   support

           0       1.00      1.00      1.00        38

    accuracy                           1.00        38
   macro avg       1.00      1.00      1.00        38
weighted avg       1.00      1.00      1.00        38

12:10:36 Logger1 INFO:        pred:0
true:0      38
12:10:36 Logger1 INFO: "Accuracy": 1.0, "Precision": 0.0, "Recall": 0.0, "F1": 0.0, "MCC": 0.0
12:10:36 Logger1 INFO:*** EVALUATION ON TEST DATA  ***
12:10:36 Logger1 INFO:AUC: nan
12:10:36 Logger1 INFO:Matthews Correlation Coefficient computed after applying the tuned/selected threshold : 0.0
12:10:36 Logger1 INFO:Accuracy on test set: 100.00%
12:10:36 Logger1 INFO:Classification report for TEST DATA:
12:10:36 Logger1 INFO:              precision    recall  f1-score   support

           1       1.00      1.00      1.00       170

    accuracy                           1.00       170
   macro avg       1.00      1.00      1.00       170
weighted avg       1.00      1.00      1.00       170

12:10:36 Logger1 INFO:        pred:1
true:1     170
12:10:37 Logger1 INFO: "Accuracy": 1.0, "Precision": 1.0, "Recall": 1.0, "F1": 1.0, "MCC": 0.0
12:24:30 Logger1 INFO:*** EVALUATION ON TEST DATA  ***
12:24:30 Logger1 INFO:AUC: nan
12:24:30 Logger1 INFO:Matthews Correlation Coefficient computed after applying the tuned/selected threshold : 0.0
12:24:30 Logger1 INFO:Accuracy on test set: 100.00%
12:24:31 Logger1 INFO:Classification report for TEST DATA:
12:24:31 Logger1 INFO:              precision    recall  f1-score   support

           0       1.00      1.00      1.00        17

    accuracy                           1.00        17
   macro avg       1.00      1.00      1.00        17
weighted avg       1.00      1.00      1.00        17

12:24:31 Logger1 INFO:        pred:0
true:0      17
12:24:31 Logger1 INFO: "Accuracy": 1.0, "Precision": 0.0, "Recall": 0.0, "F1": 0.0, "MCC": 0.0
12:24:31 Logger1 INFO:*** EVALUATION ON TEST DATA  ***
12:24:31 Logger1 INFO:AUC: nan
12:24:31 Logger1 INFO:Matthews Correlation Coefficient computed after applying the tuned/selected threshold : 0.0
12:24:31 Logger1 INFO:Accuracy on test set: 99.11%
12:24:31 Logger1 INFO:Classification report for TEST DATA:
12:24:31 Logger1 INFO:              precision    recall  f1-score   support

           0       1.00      0.99      1.00       112
           1       0.00      0.00      0.00         0

    accuracy                           0.99       112
   macro avg       0.50      0.50      0.50       112
weighted avg       1.00      0.99      1.00       112

12:24:31 Logger1 INFO:        pred:0  pred:1
true:0     111       1
true:1       0       0
12:24:31 Logger1 INFO: "Accuracy": 0.9910714285714286, "Precision": 0.0, "Recall": 0.0, "F1": 0.0, "MCC": 0.0
12:24:31 Logger1 INFO:*** EVALUATION ON TEST DATA  ***
12:24:31 Logger1 INFO:AUC: nan
12:24:31 Logger1 INFO:Matthews Correlation Coefficient computed after applying the tuned/selected threshold : 0.0
12:24:31 Logger1 INFO:Accuracy on test set: 98.15%
12:24:31 Logger1 INFO:Classification report for TEST DATA:
12:24:31 Logger1 INFO:              precision    recall  f1-score   support

           0       1.00      0.98      0.99        54
           1       0.00      0.00      0.00         0

    accuracy                           0.98        54
   macro avg       0.50      0.49      0.50        54
weighted avg       1.00      0.98      0.99        54

12:24:31 Logger1 INFO:        pred:0  pred:1
true:0      53       1
true:1       0       0
12:24:31 Logger1 INFO: "Accuracy": 0.9814814814814815, "Precision": 0.0, "Recall": 0.0, "F1": 0.0, "MCC": 0.0
12:24:31 Logger1 INFO:*** EVALUATION ON TEST DATA  ***
12:24:31 Logger1 INFO:AUC: nan
12:24:31 Logger1 INFO:Matthews Correlation Coefficient computed after applying the tuned/selected threshold : 0.0
12:24:31 Logger1 INFO:Accuracy on test set: 100.00%
12:24:32 Logger1 INFO:Classification report for TEST DATA:
12:24:32 Logger1 INFO:              precision    recall  f1-score   support

           0       1.00      1.00      1.00        18

    accuracy                           1.00        18
   macro avg       1.00      1.00      1.00        18
weighted avg       1.00      1.00      1.00        18

12:24:32 Logger1 INFO:        pred:0
true:0      18
12:24:32 Logger1 INFO: "Accuracy": 1.0, "Precision": 0.0, "Recall": 0.0, "F1": 0.0, "MCC": 0.0
12:24:32 Logger1 INFO:*** EVALUATION ON TEST DATA  ***
12:24:32 Logger1 INFO:AUC: nan
12:24:32 Logger1 INFO:Matthews Correlation Coefficient computed after applying the tuned/selected threshold : 0.0
12:24:32 Logger1 INFO:Accuracy on test set: 92.31%
12:24:32 Logger1 INFO:Classification report for TEST DATA:
12:24:32 Logger1 INFO:              precision    recall  f1-score   support

           0       1.00      0.92      0.96        39
           1       0.00      0.00      0.00         0

    accuracy                           0.92        39
   macro avg       0.50      0.46      0.48        39
weighted avg       1.00      0.92      0.96        39

12:24:32 Logger1 INFO:        pred:0  pred:1
true:0      36       3
true:1       0       0
12:24:32 Logger1 INFO: "Accuracy": 0.9230769230769231, "Precision": 0.0, "Recall": 0.0, "F1": 0.0, "MCC": 0.0
12:24:32 Logger1 INFO:*** EVALUATION ON TEST DATA  ***
12:24:32 Logger1 INFO:AUC: nan
12:24:32 Logger1 INFO:Matthews Correlation Coefficient computed after applying the tuned/selected threshold : 0.0
12:24:32 Logger1 INFO:Accuracy on test set: 91.67%
12:24:32 Logger1 INFO:Classification report for TEST DATA:
12:24:32 Logger1 INFO:              precision    recall  f1-score   support

           0       0.00      0.00      0.00         0
           1       1.00      0.92      0.96        24

    accuracy                           0.92        24
   macro avg       0.50      0.46      0.48        24
weighted avg       1.00      0.92      0.96        24

12:24:32 Logger1 INFO:        pred:0  pred:1
true:0       0       0
true:1       2      22
12:24:32 Logger1 INFO: "Accuracy": 0.9166666666666666, "Precision": 1.0, "Recall": 0.9166666666666666, "F1": 0.9565217391304348, "MCC": 0.0
12:24:32 Logger1 INFO:*** EVALUATION ON TEST DATA  ***
12:24:32 Logger1 INFO:AUC: nan
12:24:32 Logger1 INFO:Matthews Correlation Coefficient computed after applying the tuned/selected threshold : 0.0
12:24:32 Logger1 INFO:Accuracy on test set: 100.00%
12:24:33 Logger1 INFO:Classification report for TEST DATA:
12:24:33 Logger1 INFO:              precision    recall  f1-score   support

           0       1.00      1.00      1.00         9

    accuracy                           1.00         9
   macro avg       1.00      1.00      1.00         9
weighted avg       1.00      1.00      1.00         9

12:24:33 Logger1 INFO:        pred:0
true:0       9
12:24:33 Logger1 INFO: "Accuracy": 1.0, "Precision": 0.0, "Recall": 0.0, "F1": 0.0, "MCC": 0.0
12:24:33 Logger1 INFO:*** EVALUATION ON TEST DATA  ***
12:24:33 Logger1 INFO:AUC: nan
12:24:33 Logger1 INFO:Matthews Correlation Coefficient computed after applying the tuned/selected threshold : 0.0
12:24:33 Logger1 INFO:Accuracy on test set: 100.00%
12:24:33 Logger1 INFO:Classification report for TEST DATA:
12:24:33 Logger1 INFO:              precision    recall  f1-score   support

           0       1.00      1.00      1.00        35

    accuracy                           1.00        35
   macro avg       1.00      1.00      1.00        35
weighted avg       1.00      1.00      1.00        35

12:24:33 Logger1 INFO:        pred:0
true:0      35
12:24:33 Logger1 INFO: "Accuracy": 1.0, "Precision": 0.0, "Recall": 0.0, "F1": 0.0, "MCC": 0.0
12:24:33 Logger1 INFO:*** EVALUATION ON TEST DATA  ***
12:24:33 Logger1 INFO:AUC: nan
12:24:33 Logger1 INFO:Matthews Correlation Coefficient computed after applying the tuned/selected threshold : 0.0
12:24:33 Logger1 INFO:Accuracy on test set: 100.00%
12:24:33 Logger1 INFO:Classification report for TEST DATA:
12:24:33 Logger1 INFO:              precision    recall  f1-score   support

           1       1.00      1.00      1.00        15

    accuracy                           1.00        15
   macro avg       1.00      1.00      1.00        15
weighted avg       1.00      1.00      1.00        15

12:24:33 Logger1 INFO:        pred:1
true:1      15
12:24:33 Logger1 INFO: "Accuracy": 1.0, "Precision": 1.0, "Recall": 1.0, "F1": 1.0, "MCC": 0.0
12:24:33 Logger1 INFO:*** EVALUATION ON TEST DATA  ***
12:24:33 Logger1 INFO:AUC: nan
12:24:33 Logger1 INFO:Matthews Correlation Coefficient computed after applying the tuned/selected threshold : 0.0
12:24:33 Logger1 INFO:Accuracy on test set: 100.00%
12:24:34 Logger1 INFO:Classification report for TEST DATA:
12:24:34 Logger1 INFO:              precision    recall  f1-score   support

           0       1.00      1.00      1.00        38

    accuracy                           1.00        38
   macro avg       1.00      1.00      1.00        38
weighted avg       1.00      1.00      1.00        38

12:24:34 Logger1 INFO:        pred:0
true:0      38
12:24:34 Logger1 INFO: "Accuracy": 1.0, "Precision": 0.0, "Recall": 0.0, "F1": 0.0, "MCC": 0.0
12:24:34 Logger1 INFO:*** EVALUATION ON TEST DATA  ***
12:24:34 Logger1 INFO:AUC: nan
12:24:34 Logger1 INFO:Matthews Correlation Coefficient computed after applying the tuned/selected threshold : 0.0
12:24:34 Logger1 INFO:Accuracy on test set: 100.00%
12:24:34 Logger1 INFO:Classification report for TEST DATA:
12:24:34 Logger1 INFO:              precision    recall  f1-score   support

           1       1.00      1.00      1.00       170

    accuracy                           1.00       170
   macro avg       1.00      1.00      1.00       170
weighted avg       1.00      1.00      1.00       170

12:24:34 Logger1 INFO:        pred:1
true:1     170
12:24:34 Logger1 INFO: "Accuracy": 1.0, "Precision": 1.0, "Recall": 1.0, "F1": 1.0, "MCC": 0.0
